Calculating forcing from sf7910T106.shfs                 
Number of states used to calculate forcing:   2798
Forcing saved in files: 
/scratch3/BMC/gsd-hpcs/Brian.Etherton/superQG-TLAD//outputdata/0000/qgpvforT106.grads
/scratch3/BMC/gsd-hpcs/Brian.Etherton/superQG-TLAD//outputdata/0000/qgpvforT106.dat
 Experiment 0000
 
 Integrating transient days:           10
 Integrating trajectory of days:            1
 IDIAG!
 GRIDFIELDS
 MAKING OUTPUT
 ISTEP           1
 FAKE TANGENT LINEAR
 IDIAG!
 GRIDFIELDS
 MAKING OUTPUT
 FAKE TANGENT LINEAR
 FAKE ADJOINT
 IDIAG!
 GRIDFIELDS
 MAKING OUTPUT
 IN FORWARD, DTT=  0.174532925199433     
 IDIAG!
 GRIDFIELDS
 MAKING OUTPUT
 ISTEP           2
 FAKE TANGENT LINEAR
 IDIAG!
 GRIDFIELDS
 MAKING OUTPUT
 FAKE TANGENT LINEAR
 FAKE ADJOINT
 IDIAG!
 GRIDFIELDS
 MAKING OUTPUT
 IN FORWARD, DTT=  0.174532925199433     
 IDIAG!
 GRIDFIELDS
 MAKING OUTPUT
 ISTEP           3
 FAKE TANGENT LINEAR
 IDIAG!
 GRIDFIELDS
 MAKING OUTPUT
 FAKE TANGENT LINEAR
 FAKE ADJOINT
 IDIAG!
 GRIDFIELDS
 MAKING OUTPUT
 IN FORWARD, DTT=  0.174532925199433     
 IDIAG!
 GRIDFIELDS
 MAKING OUTPUT
 ISTEP           4
 FAKE TANGENT LINEAR
 IDIAG!
 GRIDFIELDS
 MAKING OUTPUT
 FAKE TANGENT LINEAR
 FAKE ADJOINT
 IDIAG!
 GRIDFIELDS
 MAKING OUTPUT
 IN FORWARD, DTT=  0.174532925199433     
 IDIAG!
 GRIDFIELDS
 MAKING OUTPUT
 ISTEP           5
 FAKE TANGENT LINEAR
 IDIAG!
 GRIDFIELDS
 MAKING OUTPUT
 FAKE TANGENT LINEAR
 FAKE ADJOINT
 IDIAG!
 GRIDFIELDS
 MAKING OUTPUT
 IN FORWARD, DTT=  0.174532925199433     
 IDIAG!
 GRIDFIELDS
 MAKING OUTPUT
 ISTEP           6
 FAKE TANGENT LINEAR
 IDIAG!
 GRIDFIELDS
 MAKING OUTPUT
 FAKE TANGENT LINEAR
 FAKE ADJOINT
 IDIAG!
 GRIDFIELDS
 MAKING OUTPUT
 IN FORWARD, DTT=  0.174532925199433     
 IDIAG!
 GRIDFIELDS
 MAKING OUTPUT
 ISTEP           7
 FAKE TANGENT LINEAR
 IDIAG!
 GRIDFIELDS
 MAKING OUTPUT
 FAKE TANGENT LINEAR
 FAKE ADJOINT
 IDIAG!
 GRIDFIELDS
 MAKING OUTPUT
 IN FORWARD, DTT=  0.174532925199433     
 IDIAG!
 GRIDFIELDS
 MAKING OUTPUT
 ISTEP           8
 FAKE TANGENT LINEAR
 IDIAG!
 GRIDFIELDS
 MAKING OUTPUT
 FAKE TANGENT LINEAR
 FAKE ADJOINT
 IDIAG!
 GRIDFIELDS
 MAKING OUTPUT
 IN FORWARD, DTT=  0.174532925199433     
 IDIAG!
 GRIDFIELDS
 MAKING OUTPUT
