Calculating forcing from sf7910T106.shfs                 
Number of states used to calculate forcing:   2798
Forcing saved in files: 
/scratch3/BMC/gsd-hpcs/Brian.Etherton/superQG-TLAD//outputdata/0000/qgpvforT106.grads
/scratch3/BMC/gsd-hpcs/Brian.Etherton/superQG-TLAD//outputdata/0000/qgpvforT106.dat
 Experiment 0000
 
 Integrating transient days:           10
 Integrating trajectory of days:            1
 IDIAG!
 GRIDFIELDS
 MAKING OUTPUT
 ISTEP           1
 TANGENT MODEL
 IN TANGENT, DTT=  0.174532925199433                0
 REAL RETRIE           0
 IDIAG!
 GRIDFIELDS
 MAKING OUTPUT
 TANGENT MODEL
 IN TANGENT, DTT= -0.174532925199433                0
 REAL RETRIE           0
 ADJOINT MODEL
 IN ADJOINT, DTT =   8.726646259971647E-002
 START THE BACKWARD INTEGRATION
 REAL RETRIE           0
 I AM HERE  8.726646259971647E-002
 IDIAG!
 GRIDFIELDS
 MAKING OUTPUT
 IN FORWARD, DTT=  0.174532925199433     
 IDIAG!
 GRIDFIELDS
 MAKING OUTPUT
 ISTEP           2
 TANGENT MODEL
 IN TANGENT, DTT=  0.174532925199433                0
 REAL RETRIE           0
 IDIAG!
 GRIDFIELDS
 MAKING OUTPUT
 TANGENT MODEL
 IN TANGENT, DTT= -0.174532925199433                0
 REAL RETRIE           0
 ADJOINT MODEL
 IN ADJOINT, DTT =   8.726646259971647E-002
 START THE BACKWARD INTEGRATION
 REAL RETRIE           0
 I AM HERE  8.726646259971647E-002
 IDIAG!
 GRIDFIELDS
 MAKING OUTPUT
 IN FORWARD, DTT=  0.174532925199433     
 IDIAG!
 GRIDFIELDS
 MAKING OUTPUT
 ISTEP           3
 TANGENT MODEL
 IN TANGENT, DTT=  0.174532925199433                0
 REAL RETRIE           0
 IDIAG!
 GRIDFIELDS
 MAKING OUTPUT
 TANGENT MODEL
 IN TANGENT, DTT= -0.174532925199433                0
 REAL RETRIE           0
 ADJOINT MODEL
 IN ADJOINT, DTT =   8.726646259971647E-002
 START THE BACKWARD INTEGRATION
 REAL RETRIE           0
 I AM HERE  8.726646259971647E-002
 IDIAG!
 GRIDFIELDS
 MAKING OUTPUT
 IN FORWARD, DTT=  0.174532925199433     
 IDIAG!
 GRIDFIELDS
 MAKING OUTPUT
 ISTEP           4
 TANGENT MODEL
 IN TANGENT, DTT=  0.174532925199433                0
 REAL RETRIE           0
 IDIAG!
 GRIDFIELDS
 MAKING OUTPUT
 TANGENT MODEL
 IN TANGENT, DTT= -0.174532925199433                0
 REAL RETRIE           0
 ADJOINT MODEL
 IN ADJOINT, DTT =   8.726646259971647E-002
 START THE BACKWARD INTEGRATION
 REAL RETRIE           0
 I AM HERE  8.726646259971647E-002
 IDIAG!
 GRIDFIELDS
 MAKING OUTPUT
 IN FORWARD, DTT=  0.174532925199433     
 IDIAG!
 GRIDFIELDS
 MAKING OUTPUT
 ISTEP           5
 TANGENT MODEL
 IN TANGENT, DTT=  0.174532925199433                0
 REAL RETRIE           0
 IDIAG!
 GRIDFIELDS
 MAKING OUTPUT
 TANGENT MODEL
 IN TANGENT, DTT= -0.174532925199433                0
 REAL RETRIE           0
 ADJOINT MODEL
 IN ADJOINT, DTT =   8.726646259971647E-002
 START THE BACKWARD INTEGRATION
 REAL RETRIE           0
 I AM HERE  8.726646259971647E-002
 IDIAG!
 GRIDFIELDS
 MAKING OUTPUT
 IN FORWARD, DTT=  0.174532925199433     
 IDIAG!
 GRIDFIELDS
 MAKING OUTPUT
 ISTEP           6
 TANGENT MODEL
 IN TANGENT, DTT=  0.174532925199433                0
 REAL RETRIE           0
 IDIAG!
 GRIDFIELDS
 MAKING OUTPUT
 TANGENT MODEL
 IN TANGENT, DTT= -0.174532925199433                0
 REAL RETRIE           0
 ADJOINT MODEL
 IN ADJOINT, DTT =   8.726646259971647E-002
 START THE BACKWARD INTEGRATION
 REAL RETRIE           0
 I AM HERE  8.726646259971647E-002
 IDIAG!
 GRIDFIELDS
 MAKING OUTPUT
 IN FORWARD, DTT=  0.174532925199433     
 IDIAG!
 GRIDFIELDS
 MAKING OUTPUT
 ISTEP           7
 TANGENT MODEL
 IN TANGENT, DTT=  0.174532925199433                0
 REAL RETRIE           0
 IDIAG!
 GRIDFIELDS
 MAKING OUTPUT
 TANGENT MODEL
 IN TANGENT, DTT= -0.174532925199433                0
 REAL RETRIE           0
 ADJOINT MODEL
 IN ADJOINT, DTT =   8.726646259971647E-002
 START THE BACKWARD INTEGRATION
 REAL RETRIE           0
 I AM HERE  8.726646259971647E-002
 IDIAG!
 GRIDFIELDS
 MAKING OUTPUT
 IN FORWARD, DTT=  0.174532925199433     
 IDIAG!
 GRIDFIELDS
 MAKING OUTPUT
 ISTEP           8
 TANGENT MODEL
 IN TANGENT, DTT=  0.174532925199433                0
 REAL RETRIE           0
 IDIAG!
 GRIDFIELDS
 MAKING OUTPUT
 TANGENT MODEL
 IN TANGENT, DTT= -0.174532925199433                0
 REAL RETRIE           0
 ADJOINT MODEL
 IN ADJOINT, DTT =   8.726646259971647E-002
 START THE BACKWARD INTEGRATION
 REAL RETRIE           0
 I AM HERE  8.726646259971647E-002
 IDIAG!
 GRIDFIELDS
 MAKING OUTPUT
 IN FORWARD, DTT=  0.174532925199433     
 IDIAG!
 GRIDFIELDS
 MAKING OUTPUT
