Calculating forcing from sf7910T106.shfs                 
Number of states used to calculate forcing:   2798
Forcing saved in files: 
/scratch3/BMC/gsd-hpcs/Brian.Etherton/superQG-TLAD//outputdata/0001/qgpvforT106.grads
/scratch3/BMC/gsd-hpcs/Brian.Etherton/superQG-TLAD//outputdata/0001/qgpvforT106.dat
 Experiment 0001
 
 Integrating transient days:           10
 Integrating trajectory of days:            1
 IDIAG!
 GRIDFIELDS
 MAKING OUTPUT
 IDIAG!
 GRIDFIELDS
 MAKING OUTPUT
 FAKE TANGENT LINEAR
 IDIAG!
 GRIDFIELDS
 MAKING OUTPUT
 IDIAG!
 GRIDFIELDS
 MAKING OUTPUT
 FAKE TANGENT LINEAR
 IDIAG!
 GRIDFIELDS
 MAKING OUTPUT
 FAKE ADJOINT
 IDIAG!
 GRIDFIELDS
 MAKING OUTPUT
 IDIAG!
 GRIDFIELDS
 MAKING OUTPUT
 IDIAG!
 GRIDFIELDS
 MAKING OUTPUT
 IN FORWARD, DTT=  0.174532925199433     
 IDIAG!
 GRIDFIELDS
 MAKING OUTPUT
 IDIAG!
 GRIDFIELDS
 MAKING OUTPUT
 FAKE TANGENT LINEAR
 IDIAG!
 GRIDFIELDS
 MAKING OUTPUT
 IDIAG!
 GRIDFIELDS
 MAKING OUTPUT
 FAKE TANGENT LINEAR
 IDIAG!
 GRIDFIELDS
 MAKING OUTPUT
 FAKE ADJOINT
 IDIAG!
 GRIDFIELDS
 MAKING OUTPUT
 IDIAG!
 GRIDFIELDS
 MAKING OUTPUT
 IDIAG!
 GRIDFIELDS
 MAKING OUTPUT
 IN FORWARD, DTT=  0.174532925199433     
 IDIAG!
 GRIDFIELDS
 MAKING OUTPUT
 IDIAG!
 GRIDFIELDS
 MAKING OUTPUT
 FAKE TANGENT LINEAR
 IDIAG!
 GRIDFIELDS
 MAKING OUTPUT
 IDIAG!
 GRIDFIELDS
 MAKING OUTPUT
 FAKE TANGENT LINEAR
 IDIAG!
 GRIDFIELDS
 MAKING OUTPUT
 FAKE ADJOINT
 IDIAG!
 GRIDFIELDS
 MAKING OUTPUT
 IDIAG!
 GRIDFIELDS
 MAKING OUTPUT
 IDIAG!
 GRIDFIELDS
 MAKING OUTPUT
 IN FORWARD, DTT=  0.174532925199433     
 IDIAG!
 GRIDFIELDS
 MAKING OUTPUT
